app/build/outputs/mapping/release/seeds.txt
sh.surge.angus.twa.LauncherActivity
sh.surge.angus.twa.Application
sh.surge.angus.twa.DelegationService
sh.surge.angus.twa.DelegationService: DelegationService()
sh.surge.angus.twa.Application: Application()
sh.surge.angus.twa.LauncherActivity: LauncherActivity()
...
com.appsflyer.AppsFlyerLibCore$4: AppsFlyerLibCore$4(com.appsflyer.AppsFlyerLibCore,long)
com.appsflyer.OneLinkHttpTask
com.appsflyer.internal.c$a$c
com.appsflyer.internal.referrer.GoogleReferrer: void start(android.content.Context,java.lang.Runnable)
com.appsflyer.AFEvent: java.lang.String Ɩ
com.appsflyer.OaidClient$Info: java.lang.Boolean lat
com.appsflyer.internal.d: int ʅ
com.appsflyer.AppsFlyerLibCore$8: AppsFlyerLibCore$8(java.util.Map,java.lang.ref.WeakReference)
com.appsflyer.CreateOneLinkHttpTask: java.util.Map data
com.appsflyer.AppsFlyerProperties: java.lang.String COLLECT_ANDROID_ID
com.appsflyer.oaid.OaidClient$1: OaidClient$1(com.appsflyer.oaid.OaidClient,java.util.concurrent.BlockingQueue)
com.appsflyer.internal.v: void ι(android.content.Context,java.util.Map)
com.appsflyer.internal.r: int ǃ
com.appsflyer.internal.k$b: k$b(java.lang.String,int)
com.appsflyer.internal.a$a
com.appsflyer.AppsFlyerLibCore$c: void run()
com.appsflyer.AppsFlyerLibCore: void setOaidData(java.lang.String)
com.appsflyer.AppsFlyerLib: void setAppId(java.lang.String)
com.appsflyer.AppsFlyer2dXConversionCallback: void onAppOpenAttribution(java.util.Map)
com.appsflyer.AFInAppEventType: java.lang.String AD_VIEW
com.appsflyer.AppsFlyerConversionListener: void onConversionDataFail(java.lang.String)
com.appsflyer.internal.u
com.appsflyer.Foreground
com.appsflyer.MultipleInstallBroadcastReceiver: void onReceive(android.content.Context,android.content.Intent)
com.appsflyer.AFDeepLinkManager$5: android.content.Context ǃ
com.appsflyer.internal.referrer.Payload: java.lang.String SOURCE_GOOGLE
com.appsflyer.AppsFlyerProperties: void remove(java.lang.String)
com.appsflyer.AFInAppEventParameterName: java.lang.String PAYMENT_INFO_AVAILIBLE
com.appsflyer.AFInAppEventParameterName: java.lang.String LONGTITUDE
com.appsflyer.internal.referrer.Payload: java.lang.String SOURCE
com.appsflyer.internal.ai: boolean ι
com.appsflyer.AppsFlyerProperties: void set(java.lang.String,java.lang.String[])
com.appsflyer.AFInAppEventParameterName: java.lang.String PRICE
com.appsflyer.AppsFlyerLibCore: void setResolveDeepLinkURLs(java.lang.String[])
com.appsflyer.AppsFlyerLibCore: java.lang.String INSTALL_REFERRER_PREF
com.appsflyer.AFInAppEventParameterName: java.lang.String COUNTRY
com.appsflyer.internal.k$b: com.appsflyer.internal.k$b[] values()
com.appsflyer.AppsFlyerLibCore: void Ι(java.util.Map)
com.appsflyer.AFLogger
com.appsflyer.internal.model.event.InAppEvent: InAppEvent()
com.appsflyer.internal.ae: java.lang.String Ι(java.lang.ref.WeakReference)
com.appsflyer.AppsFlyerProperties: boolean isLogsDisabledCompletely()
com.appsflyer.AFSensorManager: java.lang.Runnable і
com.appsflyer.internal.c: int ι
com.appsflyer.internal.model.event.AdRevenue: AdRevenue()
com.appsflyer.AFInAppEventType: java.lang.String INVITE
com.appsflyer.AppsFlyerLibCore: com.appsflyer.AppsFlyerLib enableLocationCollection(boolean)
com.appsflyer.internal.ai: boolean ɹ()
com.appsflyer.internal.ai: void і()
com.appsflyer.AFInAppEventParameterName: java.lang.String PURCHASE_CURRENCY
com.appsflyer.OneLinkHttpTask$HttpsUrlConnectionProvider: javax.net.ssl.HttpsURLConnection ǃ(java.lang.String)
com.appsflyer.share.LinkGenerator: java.lang.String ȷ
com.appsflyer.AppsFlyerLib: void startTracking(android.content.Context)
com.appsflyer.internal.r: long[] Ι
com.appsflyer.internal.k$b: com.appsflyer.internal.k$b Ɩ
com.appsflyer.AppsFlyerLibCore$e: com.appsflyer.AppsFlyerLibCore ι
com.appsflyer.internal.ag$c: com.appsflyer.internal.ag$c[] ɪ
com.appsflyer.internal.ab: ab(android.net.Uri,com.appsflyer.AppsFlyerLibCore)
com.appsflyer.AppsFlyerLibCore: java.util.Map ɩ(com.appsflyer.AFEvent)
com.appsflyer.AppsFlyerLibCore: long ι(com.appsflyer.AppsFlyerLibCore,long)
com.appsflyer.internal.r: java.lang.String ı
com.appsflyer.AppsFlyerLibCore$6: AppsFlyerLibCore$6(com.appsflyer.ConversionDataListener)
com.appsflyer.AppsFlyerLibCore: void setHost(java.lang.String,java.lang.String)