app/build/outputs/mapping/release/mapping.txt
# compiler: R8
# compiler_version: 2.1.86
# min_api: 19
# pg_map_id: 89aa1e4
# common_typos_disable
sh.surge.angus.twa.Application$1 -> sh.surge.angus.twa.Application$a:
sh.surge.angus.twa.LauncherActivity -> sh.surge.angus.twa.LauncherActivity:
    android.net.Uri getLaunchingUrl() -> f
...
android.support.customtabs.ICustomTabsService -> a.a.a.b:
    boolean newSessionWithExtras(android.support.customtabs.ICustomTabsCallback,android.os.Bundle) -> b
    boolean warmup(long) -> k
    boolean newSession(android.support.customtabs.ICustomTabsCallback) -> l
    boolean validateRelationship(android.support.customtabs.ICustomTabsCallback,int,android.net.Uri,android.os.Bundle) -> p
    boolean receiveFile(android.support.customtabs.ICustomTabsCallback,android.net.Uri,int,android.os.Bundle) -> s
android.support.customtabs.ICustomTabsService$Stub -> a.a.a.b$a:
    android.support.customtabs.ICustomTabsService asInterface(android.os.IBinder) -> t
    android.support.customtabs.ICustomTabsService getDefaultImpl() -> u
android.support.customtabs.ICustomTabsService$Stub$Proxy -> a.a.a.b$a$a:
    android.os.IBinder mRemote -> a
    android.support.customtabs.ICustomTabsService sDefaultImpl -> b
    boolean newSessionWithExtras(android.support.customtabs.ICustomTabsCallback,android.os.Bundle) -> b
    boolean warmup(long) -> k
    boolean newSession(android.support.customtabs.ICustomTabsCallback) -> l
    boolean validateRelationship(android.support.customtabs.ICustomTabsCallback,int,android.net.Uri,android.os.Bundle) -> p
    boolean receiveFile(android.support.customtabs.ICustomTabsCallback,android.net.Uri,int,android.os.Bundle) -> s
android.support.customtabs.trusted.ITrustedWebActivityCallback -> a.a.a.c.a:
android.support.customtabs.trusted.ITrustedWebActivityCallback$Stub -> a.a.a.c.a$a:
    android.support.customtabs.trusted.ITrustedWebActivityCallback asInterface(android.os.IBinder) -> t
android.support.customtabs.trusted.ITrustedWebActivityCallback$Stub$Proxy -> a.a.a.c.a$a$a:
    android.os.IBinder mRemote -> a
android.support.customtabs.trusted.ITrustedWebActivityService -> a.a.a.c.b:
    android.os.Bundle areNotificationsEnabled(android.os.Bundle) -> a
    android.os.Bundle getActiveNotifications() -> e
    int getSmallIconId() -> h
    void cancelNotification(android.os.Bundle) -> i
    android.os.Bundle extraCommand(java.lang.String,android.os.Bundle,android.os.IBinder) -> j
    android.os.Bundle notifyNotificationWithChannel(android.os.Bundle) -> o
    android.os.Bundle getSmallIconBitmap() -> q
android.support.customtabs.trusted.ITrustedWebActivityService$Stub -> a.a.a.c.b$a:
androidx.browser.R$dimen -> b.a.a:
    int browser_actions_context_menu_min_padding -> b
    int browser_actions_context_menu_max_width -> a
androidx.browser.browseractions.BrowserActionsFallbackMenuView -> androidx.browser.browseractions.BrowserActionsFallbackMenuView:
    int mBrowserActionsMenuMaxWidthPx -> b
    int mBrowserActionsMenuMinPaddingPx -> a
androidx.browser.customtabs.CustomTabColorSchemeParams -> b.a.b.a:
    java.lang.Integer navigationBarColor -> c
    java.lang.Integer navigationBarDividerColor -> d
    java.lang.Integer toolbarColor -> a
    java.lang.Integer secondaryToolbarColor -> b
    androidx.browser.customtabs.CustomTabColorSchemeParams fromBundle(android.os.Bundle) -> a
    android.os.Bundle toBundle() -> b
    androidx.browser.customtabs.CustomTabColorSchemeParams withDefaults(androidx.browser.customtabs.CustomTabColorSchemeParams) -> c
androidx.browser.customtabs.CustomTabColorSchemeParams$Builder -> b.a.b.a$a:
    java.lang.Integer mNavigationBarColor -> c
    java.lang.Integer mNavigationBarDividerColor -> d
    java.lang.Integer mToolbarColor -> a
    java.lang.Integer mSecondaryToolbarColor -> b
    androidx.browser.customtabs.CustomTabColorSchemeParams build() -> a
    androidx.browser.customtabs.CustomTabColorSchemeParams$Builder setNavigationBarColor(int) -> b
    androidx.browser.customtabs.CustomTabColorSchemeParams$Builder setNavigationBarDividerColor(int) -> c
    androidx.browser.customtabs.CustomTabColorSchemeParams$Builder setToolbarColor(int) -> d