app/build/outputs/mapping/release/usage.txt
sh.surge.angus.twa.R$layout
sh.surge.angus.twa.Application:
    private static final java.lang.String AF_DEV_KEY
sh.surge.angus.twa.R
sh.surge.angus.twa.R$style
sh.surge.angus.twa.R$bool
sh.surge.angus.twa.R$string
sh.surge.angus.twa.R$xml
sh.surge.angus.twa.R$dimen
sh.surge.angus.twa.R$raw
sh.surge.angus.twa.BuildConfig
sh.surge.angus.twa.R$styleable
sh.surge.angus.twa.R$color
sh.surge.angus.twa.R$attr
sh.surge.angus.twa.R$id
sh.surge.angus.twa.R$mipmap
sh.surge.angus.twa.R$integer
sh.surge.angus.twa.R$drawable
sh.surge.angus.twa.Application$1:
    final synthetic sh.surge.angus.twa.Application this$0
...
androidx.core.app.NotificationBuilderWithBuilderAccessor
androidx.core.view.accessibility.AccessibilityNodeInfoCompat$CollectionInfoCompat
androidx.core.app.FrameMetricsAggregator$FrameMetricsBaseImpl
android.support.customtabs.IPostMessageService$Stub
androidx.core.R$drawable
androidx.core.text.BidiFormatter
androidx.core.view.inputmethod.InputConnectionCompat$1
androidx.annotation.FontRes
androidx.core.widget.AutoScrollHelper$ClampedScroller
androidx.browser.customtabs.CustomTabsIntent$Builder:
    public void <init>(androidx.browser.customtabs.CustomTabsSession)
    public androidx.browser.customtabs.CustomTabsIntent$Builder setPendingSession(androidx.browser.customtabs.CustomTabsSession$PendingSession)
    public androidx.browser.customtabs.CustomTabsIntent$Builder enableUrlBarHiding()
    public androidx.browser.customtabs.CustomTabsIntent$Builder setUrlBarHidingEnabled(boolean)
    public androidx.browser.customtabs.CustomTabsIntent$Builder setCloseButtonIcon(android.graphics.Bitmap)
    public androidx.browser.customtabs.CustomTabsIntent$Builder setShowTitle(boolean)
    public androidx.browser.customtabs.CustomTabsIntent$Builder addMenuItem(java.lang.String,android.app.PendingIntent)
    public androidx.browser.customtabs.CustomTabsIntent$Builder addDefaultShareMenuItem()
    public androidx.browser.customtabs.CustomTabsIntent$Builder setDefaultShareMenuItemEnabled(boolean)
    public androidx.browser.customtabs.CustomTabsIntent$Builder setShareState(int)
    public androidx.browser.customtabs.CustomTabsIntent$Builder setActionButton(android.graphics.Bitmap,java.lang.String,android.app.PendingIntent,boolean)
    public androidx.browser.customtabs.CustomTabsIntent$Builder setActionButton(android.graphics.Bitmap,java.lang.String,android.app.PendingIntent)
    public androidx.browser.customtabs.CustomTabsIntent$Builder addToolbarItem(int,android.graphics.Bitmap,java.lang.String,android.app.PendingIntent)
androidx.core.view.InputDeviceCompat
androidx.browser.customtabs.CustomTabsIntent$ShareState
androidx.core.app.AppLaunchChecker
androidx.browser.trusted.TrustedWebActivityServiceConnection$NotifyNotificationArgs:
    public android.os.Bundle toBundle()
androidx.browser.trusted.TrustedWebActivityServiceConnection$ActiveNotificationsArgs:
    public static androidx.browser.trusted.TrustedWebActivityServiceConnection$ActiveNotificationsArgs fromBundle(android.os.Bundle)
androidx.browser.R$xml
androidx.core.provider.FontRequest
androidx.core.view.ActionProvider
androidx.core.graphics.TypefaceCompatApi28Impl
androidx.lifecycle.SingleGeneratedAdapterObserver:
    void <init>(androidx.lifecycle.GeneratedAdapter)
    public void onStateChanged(androidx.lifecycle.LifecycleOwner,androidx.lifecycle.Lifecycle$Event)
    private final androidx.lifecycle.GeneratedAdapter mGeneratedAdapter
android.support.customtabs.trusted.ITrustedWebActivityService$Stub$Proxy
androidx.core.view.OnApplyWindowInsetsListener
androidx.core.content.pm.PermissionInfoCompat$ProtectionFlags
androidx.versionedparcelable.R